# JRE version: OpenJDK Runtime Environment Temurin-17.0.1+12 (17.0.1+12) (build 17.0.1+12)
# Java VM: OpenJDK 64-Bit Server VM Temurin-17.0.1+12 (17.0.1+12, mixed mode, tiered, compressed oops, compressed class ptrs, g1 gc, windows-amd64)
GC Precious Log:
 CPUs: 4 total, 4 available
 Memory: 8073M
 Large Page Support: Disabled
 NUMA Support: Disabled
 Compressed Oops: Enabled (32-bit)
 Heap Region Size: 1M
 Heap Min Capacity: 8M
 Heap Initial Capacity: 128M
 Heap Max Capacity: 2020M
 Pre-touch: Disabled
 Parallel Workers: 4
 Concurrent Workers: 1
 Concurrent Refinement Workers: 4
 Periodic GC: Disabled
Heap:
 garbage-first heap   total 267264K, used 136130K [0x0000000081c00000, 0x0000000100000000)
  region size 1024K, 109 young (111616K), 4 survivors (4096K)
 Metaspace       used 79645K, committed 80256K, reserved 1122304K
  class space    used 10281K, committed 10560K, reserved 1048576K
GC Heap History (20 events):
Event: 6.851 GC heap before
{Heap before GC invocations=18 (full 0):
 garbage-first heap   total 124928K, used 89371K [0x0000000081c00000, 0x0000000100000000)
  region size 1024K, 73 young (74752K), 2 survivors (2048K)
 Metaspace       used 58597K, committed 59072K, reserved 1105920K
  class space    used 7410K, committed 7616K, reserved 1048576K
}
Event: 6.860 GC heap after
{Heap after GC invocations=19 (full 0):
 garbage-first heap   total 124928K, used 22932K [0x0000000081c00000, 0x0000000100000000)
  region size 1024K, 7 young (7168K), 7 survivors (7168K)
 Metaspace       used 58597K, committed 59072K, reserved 1105920K
  class space    used 7410K, committed 7616K, reserved 1048576K
}
Event: 7.189 GC heap before
{Heap before GC invocations=19 (full 0):
 garbage-first heap   total 124928K, used 36244K [0x0000000081c00000, 0x0000000100000000)
  region size 1024K, 21 young (21504K), 7 survivors (7168K)
 Metaspace       used 60020K, committed 60416K, reserved 1105920K
  class space    used 7616K, committed 7808K, reserved 1048576K
}
Event: 7.199 GC heap after
{Heap after GC invocations=20 (full 0):
 garbage-first heap   total 124928K, used 23542K [0x0000000081c00000, 0x0000000100000000)
  region size 1024K, 1 young (1024K), 1 survivors (1024K)
 Metaspace       used 60020K, committed 60416K, reserved 1105920K
  class space    used 7616K, committed 7808K, reserved 1048576K
}
Event: 8.718 GC heap before
{Heap before GC invocations=21 (full 0):
 garbage-first heap   total 89088K, used 75766K [0x0000000081c00000, 0x0000000100000000)
  region size 1024K, 52 young (53248K), 1 survivors (1024K)
 Metaspace       used 68206K, committed 68672K, reserved 1114112K
  class space    used 8818K, committed 9024K, reserved 1048576K
}
Event: 8.726 GC heap after
{Heap after GC invocations=22 (full 0):
 garbage-first heap   total 89088K, used 26607K [0x0000000081c00000, 0x0000000100000000)
  region size 1024K, 4 young (4096K), 4 survivors (4096K)
 Metaspace       used 68206K, committed 68672K, reserved 1114112K
  class space    used 8818K, committed 9024K, reserved 1048576K
}
Event: 8.744 GC heap before
{Heap before GC invocations=22 (full 0):
 garbage-first heap   total 89088K, used 28655K [0x0000000081c00000, 0x0000000100000000)
  region size 1024K, 6 young (6144K), 4 survivors (4096K)
 Metaspace       used 68240K, committed 68736K, reserved 1114112K
  class space    used 8819K, committed 9024K, reserved 1048576K
}
Event: 8.752 GC heap after
{Heap after GC invocations=23 (full 0):
 garbage-first heap   total 89088K, used 26973K [0x0000000081c00000, 0x0000000100000000)
  region size 1024K, 1 young (1024K), 1 survivors (1024K)
 Metaspace       used 68240K, committed 68736K, reserved 1114112K
  class space    used 8819K, committed 9024K, reserved 1048576K
}
Event: 9.694 GC heap before
{Heap before GC invocations=23 (full 0):
 garbage-first heap   total 89088K, used 72029K [0x0000000081c00000, 0x0000000100000000)
  region size 1024K, 45 young (46080K), 1 survivors (1024K)
 Metaspace       used 71974K, committed 72448K, reserved 1114112K
  class space    used 9345K, committed 9536K, reserved 1048576K
}
Event: 9.700 GC heap after
{Heap after GC invocations=24 (full 0):
 garbage-first heap   total 89088K, used 29781K [0x0000000081c00000, 0x0000000100000000)
  region size 1024K, 4 young (4096K), 4 survivors (4096K)
 Metaspace       used 71974K, committed 72448K, reserved 1114112K
  class space    used 9345K, committed 9536K, reserved 1048576K
}
Event: 30.156 GC heap before
{Heap before GC invocations=25 (full 0):
 garbage-first heap   total 89088K, used 69717K [0x0000000081c00000, 0x0000000100000000)
  region size 1024K, 44 young (45056K), 4 survivors (4096K)
 Metaspace       used 77920K, committed 78528K, reserved 1122304K
  class space    used 10180K, committed 10432K, reserved 1048576K
}
Event: 30.163 GC heap after
{Heap after GC invocations=26 (full 0):
 garbage-first heap   total 89088K, used 31959K [0x0000000081c00000, 0x0000000100000000)
  region size 1024K, 3 young (3072K), 3 survivors (3072K)
 Metaspace       used 77920K, committed 78528K, reserved 1122304K
  class space    used 10180K, committed 10432K, reserved 1048576K
}
Event: 30.185 GC heap before
{Heap before GC invocations=26 (full 0):
 garbage-first heap   total 89088K, used 31959K [0x0000000081c00000, 0x0000000100000000)
  region size 1024K, 4 young (4096K), 3 survivors (3072K)
 Metaspace       used 78040K, committed 78656K, reserved 1122304K
  class space    used 10205K, committed 10496K, reserved 1048576K
}
Event: 30.233 GC heap after
{Heap after GC invocations=27 (full 1):
 garbage-first heap   total 89088K, used 27438K [0x0000000081c00000, 0x0000000100000000)
  region size 1024K, 0 young (0K), 0 survivors (0K)
 Metaspace       used 78040K, committed 78656K, reserved 1122304K
  class space    used 10205K, committed 10496K, reserved 1048576K
}
Event: 31.015 GC heap before
{Heap before GC invocations=27 (full 1):
 garbage-first heap   total 89088K, used 68398K [0x0000000081c00000, 0x0000000100000000)
  region size 1024K, 41 young (41984K), 0 survivors (0K)
 Metaspace       used 78410K, committed 79040K, reserved 1122304K
  class space    used 10229K, committed 10560K, reserved 1048576K
}
Event: 31.020 GC heap after
{Heap after GC invocations=28 (full 1):
 garbage-first heap   total 89088K, used 30624K [0x0000000081c00000, 0x0000000100000000)
  region size 1024K, 4 young (4096K), 4 survivors (4096K)
 Metaspace       used 78410K, committed 79040K, reserved 1122304K
  class space    used 10229K, committed 10560K, reserved 1048576K
}
Event: 31.028 GC heap before
{Heap before GC invocations=28 (full 1):
 garbage-first heap   total 89088K, used 68512K [0x0000000081c00000, 0x0000000100000000)
  region size 1024K, 42 young (43008K), 4 survivors (4096K)
 Metaspace       used 78410K, committed 79040K, reserved 1122304K
  class space    used 10229K, committed 10560K, reserved 1048576K
}
Event: 31.033 GC heap after
{Heap after GC invocations=29 (full 1):
 garbage-first heap   total 89088K, used 30650K [0x0000000081c00000, 0x0000000100000000)
  region size 1024K, 4 young (4096K), 4 survivors (4096K)
 Metaspace       used 78410K, committed 79040K, reserved 1122304K
  class space    used 10229K, committed 10560K, reserved 1048576K
}
Event: 31.039 GC heap before
{Heap before GC invocations=29 (full 1):
 garbage-first heap   total 89088K, used 69562K [0x0000000081c00000, 0x0000000100000000)
  region size 1024K, 43 young (44032K), 4 survivors (4096K)
 Metaspace       used 78410K, committed 79040K, reserved 1122304K
  class space    used 10229K, committed 10560K, reserved 1048576K
}
Event: 31.044 GC heap after
{Heap after GC invocations=30 (full 1):
 garbage-first heap   total 267264K, used 30658K [0x0000000081c00000, 0x0000000100000000)
  region size 1024K, 4 young (4096K), 4 survivors (4096K)
 Metaspace       used 78410K, committed 79040K, reserved 1122304K
  class space    used 10229K, committed 10560K, reserved 1048576K
}

