# JRE version: OpenJDK Runtime Environment Temurin-17.0.1+12 (17.0.1+12) (build 17.0.1+12)
# Java VM: OpenJDK 64-Bit Server VM Temurin-17.0.1+12 (17.0.1+12, mixed mode, tiered, compressed oops, compressed class ptrs, g1 gc, windows-amd64)
GC Precious Log:
 CPUs: 4 total, 4 available
 Memory: 8073M
 Large Page Support: Disabled
 NUMA Support: Disabled
 Compressed Oops: Enabled (32-bit)
 Heap Region Size: 1M
 Heap Min Capacity: 8M
 Heap Initial Capacity: 128M
 Heap Max Capacity: 2020M
 Pre-touch: Disabled
 Parallel Workers: 4
 Concurrent Workers: 1
 Concurrent Refinement Workers: 4
 Periodic GC: Disabled
Heap:
 garbage-first heap   total 103424K, used 16785K [0x0000000081c00000, 0x0000000100000000)
  region size 1024K, 1 young (1024K), 1 survivors (1024K)
 Metaspace       used 36062K, committed 36480K, reserved 1081344K
  class space    used 4227K, committed 4416K, reserved 1048576K
GC Heap History (20 events):
Event: 0.924 GC heap after
{Heap after GC invocations=4 (full 0):
 garbage-first heap   total 131072K, used 6697K [0x0000000081c00000, 0x0000000100000000)
  region size 1024K, 1 young (1024K), 1 survivors (1024K)
 Metaspace       used 12791K, committed 12928K, reserved 1064960K
  class space    used 1266K, committed 1344K, reserved 1048576K
}
Event: 1.531 GC heap before
{Heap before GC invocations=4 (full 0):
 garbage-first heap   total 131072K, used 34345K [0x0000000081c00000, 0x0000000100000000)
  region size 1024K, 30 young (30720K), 1 survivors (1024K)
 Metaspace       used 21300K, committed 21504K, reserved 1073152K
  class space    used 2258K, committed 2368K, reserved 1048576K
}
Event: 1.536 GC heap after
{Heap after GC invocations=5 (full 0):
 garbage-first heap   total 131072K, used 9195K [0x0000000081c00000, 0x0000000100000000)
  region size 1024K, 4 young (4096K), 4 survivors (4096K)
 Metaspace       used 21300K, committed 21504K, reserved 1073152K
  class space    used 2258K, committed 2368K, reserved 1048576K
}
Event: 1.905 GC heap before
{Heap before GC invocations=6 (full 0):
 garbage-first heap   total 37888K, used 27627K [0x0000000081c00000, 0x0000000100000000)
  region size 1024K, 22 young (22528K), 4 survivors (4096K)
 Metaspace       used 24626K, committed 24896K, reserved 1073152K
  class space    used 2725K, committed 2880K, reserved 1048576K
}
Event: 1.911 GC heap after
{Heap after GC invocations=7 (full 0):
 garbage-first heap   total 37888K, used 10619K [0x0000000081c00000, 0x0000000100000000)
  region size 1024K, 2 young (2048K), 2 survivors (2048K)
 Metaspace       used 24626K, committed 24896K, reserved 1073152K
  class space    used 2725K, committed 2880K, reserved 1048576K
}
Event: 1.912 GC heap before
{Heap before GC invocations=7 (full 0):
 garbage-first heap   total 37888K, used 11643K [0x0000000081c00000, 0x0000000100000000)
  region size 1024K, 3 young (3072K), 2 survivors (2048K)
 Metaspace       used 24626K, committed 24896K, reserved 1073152K
  class space    used 2725K, committed 2880K, reserved 1048576K
}
Event: 1.915 GC heap after
{Heap after GC invocations=8 (full 0):
 garbage-first heap   total 37888K, used 10362K [0x0000000081c00000, 0x0000000100000000)
  region size 1024K, 1 young (1024K), 1 survivors (1024K)
 Metaspace       used 24626K, committed 24896K, reserved 1073152K
  class space    used 2725K, committed 2880K, reserved 1048576K
}
Event: 1.918 GC heap before
{Heap before GC invocations=8 (full 0):
 garbage-first heap   total 37888K, used 24698K [0x0000000081c00000, 0x0000000100000000)
  region size 1024K, 16 young (16384K), 1 survivors (1024K)
 Metaspace       used 24626K, committed 24896K, reserved 1073152K
  class space    used 2725K, committed 2880K, reserved 1048576K
}
Event: 1.919 GC heap after
{Heap after GC invocations=9 (full 0):
 garbage-first heap   total 102400K, used 10393K [0x0000000081c00000, 0x0000000100000000)
  region size 1024K, 1 young (1024K), 1 survivors (1024K)
 Metaspace       used 24626K, committed 24896K, reserved 1073152K
  class space    used 2725K, committed 2880K, reserved 1048576K
}
Event: 1.958 GC heap before
{Heap before GC invocations=9 (full 0):
 garbage-first heap   total 102400K, used 69785K [0x0000000081c00000, 0x0000000100000000)
  region size 1024K, 60 young (61440K), 1 survivors (1024K)
 Metaspace       used 24626K, committed 24896K, reserved 1073152K
  class space    used 2725K, committed 2880K, reserved 1048576K
}
Event: 1.959 GC heap after
{Heap after GC invocations=10 (full 0):
 garbage-first heap   total 102400K, used 10445K [0x0000000081c00000, 0x0000000100000000)
  region size 1024K, 1 young (1024K), 1 survivors (1024K)
 Metaspace       used 24626K, committed 24896K, reserved 1073152K
  class space    used 2725K, committed 2880K, reserved 1048576K
}
Event: 2.908 GC heap before
{Heap before GC invocations=10 (full 0):
 garbage-first heap   total 102400K, used 69837K [0x0000000081c00000, 0x0000000100000000)
  region size 1024K, 60 young (61440K), 1 survivors (1024K)
 Metaspace       used 28568K, committed 28800K, reserved 1081344K
  class space    used 3204K, committed 3328K, reserved 1048576K
}
Event: 2.913 GC heap after
{Heap after GC invocations=11 (full 0):
 garbage-first heap   total 102400K, used 13004K [0x0000000081c00000, 0x0000000100000000)
  region size 1024K, 3 young (3072K), 3 survivors (3072K)
 Metaspace       used 28568K, committed 28800K, reserved 1081344K
  class space    used 3204K, committed 3328K, reserved 1048576K
}
Event: 4.205 GC heap before
{Heap before GC invocations=11 (full 0):
 garbage-first heap   total 102400K, used 50892K [0x0000000081c00000, 0x0000000100000000)
  region size 1024K, 41 young (41984K), 3 survivors (3072K)
 Metaspace       used 35603K, committed 35968K, reserved 1081344K
  class space    used 4167K, committed 4352K, reserved 1048576K
}
Event: 4.211 GC heap after
{Heap after GC invocations=12 (full 0):
 garbage-first heap   total 102400K, used 16853K [0x0000000081c00000, 0x0000000100000000)
  region size 1024K, 7 young (7168K), 7 survivors (7168K)
 Metaspace       used 35603K, committed 35968K, reserved 1081344K
  class space    used 4167K, committed 4352K, reserved 1048576K
}
Event: 4.276 GC heap before
{Heap before GC invocations=13 (full 0):
 garbage-first heap   total 61440K, used 51564K [0x0000000081c00000, 0x0000000100000000)
  region size 1024K, 43 young (44032K), 7 survivors (7168K)
 Metaspace       used 36062K, committed 36480K, reserved 1081344K
  class space    used 4227K, committed 4416K, reserved 1048576K
}
Event: 4.283 GC heap after
{Heap after GC invocations=14 (full 0):
 garbage-first heap   total 62464K, used 17128K [0x0000000081c00000, 0x0000000100000000)
  region size 1024K, 5 young (5120K), 5 survivors (5120K)
 Metaspace       used 36062K, committed 36480K, reserved 1081344K
  class space    used 4227K, committed 4416K, reserved 1048576K
}
Event: 4.283 GC heap before
{Heap before GC invocations=14 (full 0):
 garbage-first heap   total 62464K, used 18152K [0x0000000081c00000, 0x0000000100000000)
  region size 1024K, 7 young (7168K), 5 survivors (5120K)
 Metaspace       used 36062K, committed 36480K, reserved 1081344K
  class space    used 4227K, committed 4416K, reserved 1048576K
}
Event: 4.288 GC heap after
{Heap after GC invocations=15 (full 0):
 garbage-first heap   total 62464K, used 16761K [0x0000000081c00000, 0x0000000100000000)
  region size 1024K, 1 young (1024K), 1 survivors (1024K)
 Metaspace       used 36062K, committed 36480K, reserved 1081344K
  class space    used 4227K, committed 4416K, reserved 1048576K
}
Event: 4.292 GC heap before
{Heap before GC invocations=15 (full 0):
 garbage-first heap   total 62464K, used 46457K [0x0000000081c00000, 0x0000000100000000)
  region size 1024K, 31 young (31744K), 1 survivors (1024K)
 Metaspace       used 36062K, committed 36480K, reserved 1081344K
  class space    used 4227K, committed 4416K, reserved 1048576K
}

